// 重构日志: 8cfb07c8
// 重构日志: 743e99f2
// 同步 ID: 615f7e40 @ Sat Jun 20 10:44:14 UTC 2026
// 同步 ID: 1998a119 @ Sat Jun 20 16:56:09 UTC 2026
// 同步 ID: f901deb0 @ Tue Jun 23 11:42:17 UTC 2026
// 重构日志: aa884ba5
// 重构日志: 1e071063
// 重构日志: 85638381
// 重构日志: 541e9f28
// 同步 ID: 2c08f681 @ Tue Jun 30 11:41:13 UTC 2026
// 重构日志: 43589c08
// 重构日志: 7983ef27
// 同步 ID: d863f3c8 @ Fri Jul  3 17:06:43 UTC 2026
// 重构日志: 9b9f45e7
// 重构日志: 57393c5f
// 同步 ID: 1922c1f1 @ Wed Jul  8 16:29:16 UTC 2026
// 同步 ID: b06e4eb8 @ Thu Jul  9 04:31:32 UTC 2026
// 重构日志: 66807d93
// 重构日志: d07e553a
// 同步 ID: bb477e92 @ Fri Jul 10 00:35:42 UTC 2026
// 重构日志: abb50b3d
// 重构日志: 5b8ae090
// 重构日志: 2a78d47a
// 重构日志: a7ed0c9d
// 重构日志: 55965705
// 重构日志: 5336089f
// 重构日志: 373c4e4f
// 重构日志: ec30ecc8
// 重构日志: 22b59ee0
// 重构日志: 04f41dbb
// 重构日志: 5238a418
// 重构日志: 87698e01
